<?xml version="1.0" encoding="UTF-8"?>
<!-- Generated by org.testng.reporters.JUnitReportReporter -->
<testsuite hostname="W10D9RJ693" failures="0" tests="1" name="Filehandling.WriteToExcelusingList" time="0.556" errors="0" timestamp="2021-05-23T23:14:40 IST" skipped="0">
  <testcase classname="Filehandling.WriteToExcelusingList" name="writeTest" time="0.556"/>
  <system-out/>
</testsuite> <!-- Filehandling.WriteToExcelusingList -->
