<?xml version="1.0" encoding="UTF-8"?>
<!-- Generated by org.testng.reporters.JUnitReportReporter -->
<testsuite hostname="W10D9RJ693" failures="0" tests="1" name="seleniumMethods.SortDropdown" time="2.226" errors="0" timestamp="2021-05-13T22:10:15 IST" skipped="0">
  <testcase classname="seleniumMethods.SortDropdown" name="dropDown" time="2.226"/>
  <system-out/>
</testsuite> <!-- seleniumMethods.SortDropdown -->
