<?xml version="1.0" encoding="UTF-8"?>
<!-- Generated by org.testng.reporters.JUnitReportReporter -->
<testsuite hostname="W10D9RJ693" failures="0" tests="4" name="com.testNG.ParameterDemo" time="0.018" errors="0" timestamp="2021-05-19T12:36:52 IST" skipped="1">
  <testcase classname="com.testNG.ParameterDemo" name="login" time="0.009"/>
  <system-out/>
  <testcase classname="com.testNG.ParameterDemo" name="search" time="0.007"/>
  <system-out/>
  <testcase classname="com.testNG.ParameterDemo" name="addTocart" time="0.002"/>
  <system-out/>
  <testcase classname="com.testNG.ParameterDemo" name="address">
    <skipped/>
  </testcase> <!-- address -->
  <system-out/>
</testsuite> <!-- com.testNG.ParameterDemo -->
