<?xml version="1.0" encoding="UTF-8"?>
<!-- Generated by org.testng.reporters.JUnitReportReporter -->
<testsuite hostname="W10D9RJ693" failures="0" tests="1" name="Filehandling.Readfiledata" time="0.510" errors="0" timestamp="2021-06-13T12:11:15 IST" skipped="0">
  <testcase classname="Filehandling.Readfiledata" name="readData" time="0.510"/>
  <system-out/>
</testsuite> <!-- Filehandling.Readfiledata -->
