<?xml version="1.0" encoding="UTF-8"?>
<!-- Generated by org.testng.reporters.JUnitReportReporter -->
<testsuite hostname="W10D9RJ693" failures="0" tests="1" name="CSS.ByCSSTagAndAttribute" time="6.631" errors="0" timestamp="2021-04-13T12:44:28 IST" skipped="0">
  <testcase classname="CSS.ByCSSTagAndAttribute" name="search" time="6.631"/>
  <system-out/>
</testsuite> <!-- CSS.ByCSSTagAndAttribute -->
