<?xml version="1.0" encoding="UTF-8"?>
<!-- Generated by org.testng.reporters.JUnitReportReporter -->
<testsuite hostname="W10D9RJ693" failures="0" tests="1" name="CSS.ByCSScontains" time="6.939" errors="0" timestamp="2021-04-13T13:03:37 IST" skipped="0">
  <testcase classname="CSS.ByCSScontains" name="login" time="6.939"/>
  <system-out/>
</testsuite> <!-- CSS.ByCSScontains -->
