<?xml version="1.0" encoding="UTF-8"?>
<!-- Generated by org.testng.reporters.JUnitReportReporter -->
<testsuite hostname="W10D9RJ693" failures="0" tests="1" name="Filehandling.WriteToExcelFile" time="0.629" errors="0" timestamp="2021-05-23T22:29:47 IST" skipped="0">
  <testcase classname="Filehandling.WriteToExcelFile" name="writeTest" time="0.629"/>
  <system-out/>
</testsuite> <!-- Filehandling.WriteToExcelFile -->
