<?xml version="1.0" encoding="UTF-8"?>
<!-- Generated by org.testng.reporters.JUnitReportReporter -->
<testsuite hostname="W10D9RJ693" failures="0" tests="1" name="locators.ClassName" time="42.423" errors="0" timestamp="2021-04-12T15:43:57 IST" skipped="0">
  <testcase classname="locators.ClassName" name="search" time="42.423"/>
  <system-out/>
</testsuite> <!-- locators.ClassName -->
