<?xml version="1.0" encoding="UTF-8"?>
<!-- Generated by org.testng.reporters.JUnitReportReporter -->
<testsuite hostname="W10D9RJ693" failures="0" tests="1" name="locators.Scroll" time="59.362" errors="0" timestamp="2021-05-18T11:56:12 IST" skipped="0">
  <testcase classname="locators.Scroll" name="search" time="59.362"/>
  <system-out/>
</testsuite> <!-- locators.Scroll -->
