<?xml version="1.0" encoding="UTF-8"?>
<!-- Generated by org.testng.reporters.JUnitReportReporter -->
<testsuite hostname="W10D9RJ693" failures="0" tests="1" name="locators.LinkText" time="8.134" errors="0" timestamp="2021-04-12T15:49:10 IST" skipped="0">
  <testcase classname="locators.LinkText" name="search" time="8.134"/>
  <system-out/>
</testsuite> <!-- locators.LinkText -->
