<?xml version="1.0" encoding="UTF-8"?>
<!-- Generated by org.testng.reporters.JUnitReportReporter -->
<testsuite hostname="W10D9RJ693" failures="0" tests="1" name="seleniumMethods.ScreenshotDemo" time="6.174" errors="0" timestamp="2021-06-13T17:36:26 IST" skipped="0">
  <testcase classname="seleniumMethods.ScreenshotDemo" name="specificScreenshot" time="6.174"/>
  <system-out/>
</testsuite> <!-- seleniumMethods.ScreenshotDemo -->
