<?xml version="1.0" encoding="UTF-8"?>
<!-- Generated by org.testng.reporters.JUnitReportReporter -->
<testsuite hostname="W10D9RJ693" failures="0" tests="1" name="seleniumMethods.SliderDemo" time="7.784" errors="0" timestamp="2021-05-17T19:54:09 IST" skipped="0">
  <testcase classname="seleniumMethods.SliderDemo" name="toolTip" time="7.784"/>
  <system-out/>
</testsuite> <!-- seleniumMethods.SliderDemo -->
