<?xml version="1.0" encoding="UTF-8"?>
<!-- Generated by org.testng.reporters.JUnitReportReporter -->
<testsuite hostname="W10D9RJ693" failures="0" tests="1" name="seleniumMethods.Checkboxes" time="17.678" errors="0" timestamp="2021-05-13T18:38:43 IST" skipped="0">
  <testcase classname="seleniumMethods.Checkboxes" name="checkboxDemo" time="17.678"/>
  <system-out/>
</testsuite> <!-- seleniumMethods.Checkboxes -->
