<?xml version="1.0" encoding="UTF-8"?>
<!-- Generated by org.testng.reporters.JUnitReportReporter -->
<testsuite hostname="W10D9RJ693" failures="0" tests="1" name="com.testNG.TC001" time="2.769" errors="0" timestamp="2021-04-08T12:00:26 IST" skipped="0">
  <testcase classname="com.testNG.TC001" name="openUrl" time="2.769"/>
  <system-out>
Test on start openUrl Test on success openUrl  </system-out>
</testsuite> <!-- com.testNG.TC001 -->
