<?xml version="1.0" encoding="UTF-8"?>
<!-- Generated by org.testng.reporters.JUnitReportReporter -->
<testsuite hostname="W10D9RJ693" failures="0" tests="1" name="com.selenium.HeadlessDemo" time="3.891" errors="0" timestamp="2021-04-12T11:47:01 IST" skipped="0">
  <testcase classname="com.selenium.HeadlessDemo" name="login" time="3.891"/>
  <system-out/>
</testsuite> <!-- com.selenium.HeadlessDemo -->
