<?xml version="1.0" encoding="UTF-8"?>
<!-- Generated by org.testng.reporters.JUnitReportReporter -->
<testsuite hostname="W10D9RJ693" failures="0" tests="1" name="Filehandling.ReadDataUsingSwitch" time="0.489" errors="0" timestamp="2021-05-23T23:49:15 IST" skipped="0">
  <testcase classname="Filehandling.ReadDataUsingSwitch" name="readDataUsingIterator" time="0.489"/>
  <system-out/>
</testsuite> <!-- Filehandling.ReadDataUsingSwitch -->
