<?xml version="1.0" encoding="UTF-8"?>
<!-- Generated by org.testng.reporters.JUnitReportReporter -->
<testsuite hostname="W10D9RJ693" failures="0" tests="1" name="seleniumMethods.DatabaseTestingDemo" time="0.480" errors="0" timestamp="2021-06-14T13:25:41 IST" skipped="0">
  <testcase classname="seleniumMethods.DatabaseTestingDemo" name="databaseDemo" time="0.480"/>
  <system-out/>
</testsuite> <!-- seleniumMethods.DatabaseTestingDemo -->
