<?xml version="1.0" encoding="UTF-8"?>
<!-- Generated by org.testng.reporters.JUnitReportReporter -->
<testsuite hostname="W10D9RJ693" failures="0" tests="1" name="com.selenium.FireFoxOptionsDemo" time="52.599" errors="0" timestamp="2021-04-12T12:26:49 IST" skipped="0">
  <testcase classname="com.selenium.FireFoxOptionsDemo" name="browserPopup" time="52.599"/>
  <system-out/>
</testsuite> <!-- com.selenium.FireFoxOptionsDemo -->
