<?xml version="1.0" encoding="UTF-8"?>
<!-- Generated by org.testng.reporters.JUnitReportReporter -->
<testsuite hostname="W10D9RJ693" failures="0" tests="1" name="seleniumMethods.ActionDemo" time="8.732" errors="0" timestamp="2021-04-18T12:02:18 IST" skipped="0">
  <testcase classname="seleniumMethods.ActionDemo" name="dragAndDrop" time="8.732"/>
  <system-out/>
</testsuite> <!-- seleniumMethods.ActionDemo -->
