<?xml version="1.0" encoding="UTF-8"?>
<!-- Generated by org.testng.reporters.JUnitReportReporter -->
<testsuite hostname="W10D9RJ693" failures="0" tests="1" name="Filehandling.WritedataToFileusingForEach" time="0.566" errors="0" timestamp="2021-05-23T22:42:20 IST" skipped="0">
  <testcase classname="Filehandling.WritedataToFileusingForEach" name="writeTest" time="0.566"/>
  <system-out/>
</testsuite> <!-- Filehandling.WritedataToFileusingForEach -->
