<?xml version="1.0" encoding="UTF-8"?>
<!-- Generated by org.testng.reporters.JUnitReportReporter -->
<testsuite hostname="W10D9RJ693" failures="0" tests="1" name="com.selenium.LaunchingFirefoxBrowser" time="2.022" errors="0" timestamp="2021-04-11T19:37:31 IST" skipped="0">
  <testcase classname="com.selenium.LaunchingFirefoxBrowser" name="login" time="2.022"/>
  <system-out/>
</testsuite> <!-- com.selenium.LaunchingFirefoxBrowser -->
