<?xml version="1.0" encoding="UTF-8"?>
<!-- Generated by org.testng.reporters.JUnitReportReporter -->
<testsuite hostname="W10D9RJ693" failures="0" tests="1" name="seleniumMethods.FrameHandling" time="4.964" errors="0" timestamp="2021-06-13T15:20:00 IST" skipped="0">
  <testcase classname="seleniumMethods.FrameHandling" name="nestedFrame" time="4.964"/>
  <system-out/>
</testsuite> <!-- seleniumMethods.FrameHandling -->
