<?xml version="1.0" encoding="UTF-8"?>
<!-- Generated by org.testng.reporters.JUnitReportReporter -->
<testsuite hostname="W10D9RJ693" failures="0" tests="1" name="seleniumMethods.LocationAndSize" time="9.045" errors="0" timestamp="2021-05-17T20:27:13 IST" skipped="0">
  <testcase classname="seleniumMethods.LocationAndSize" name="multipleWin" time="9.045"/>
  <system-out/>
</testsuite> <!-- seleniumMethods.LocationAndSize -->
