<?xml version="1.0" encoding="UTF-8"?>
<!-- Generated by org.testng.reporters.JUnitReportReporter -->
<testsuite hostname="W10D9RJ693" failures="0" tests="1" name="seleniumMethods.ScrollFunctions" time="12.948" errors="0" timestamp="2021-05-17T22:43:08 IST" skipped="0">
  <testcase classname="seleniumMethods.ScrollFunctions" name="js" time="12.948"/>
  <system-out/>
</testsuite> <!-- seleniumMethods.ScrollFunctions -->
