<?xml version="1.0" encoding="UTF-8"?>
<!-- Generated by org.testng.reporters.JUnitReportReporter -->
<testsuite hostname="W10D9RJ693" failures="0" tests="1" name="locators.UingStartsWith" time="5.840" errors="0" timestamp="2021-04-12T19:30:14 IST" skipped="0">
  <testcase classname="locators.UingStartsWith" name="search" time="5.840"/>
  <system-out/>
</testsuite> <!-- locators.UingStartsWith -->
