<?xml version="1.0" encoding="UTF-8"?>
<!-- Generated by org.testng.reporters.JUnitReportReporter -->
<testsuite hostname="W10D9RJ693" failures="0" tests="1" name="browsers.FireFoxOptionsDemo" time="64.471" errors="0" timestamp="2021-05-18T12:29:19 IST" skipped="0">
  <testcase classname="browsers.FireFoxOptionsDemo" name="browserPopup" time="64.471"/>
  <system-out/>
</testsuite> <!-- browsers.FireFoxOptionsDemo -->
