<?xml version="1.0" encoding="UTF-8"?>
<!-- Generated by org.testng.reporters.JUnitReportReporter -->
<testsuite hostname="W10D9RJ693" failures="0" tests="1" name="CSS.ByCSSID" time="8.732" errors="0" timestamp="2021-04-13T12:37:43 IST" skipped="0">
  <testcase classname="CSS.ByCSSID" name="search" time="8.732"/>
  <system-out/>
</testsuite> <!-- CSS.ByCSSID -->
