<?xml version="1.0" encoding="UTF-8"?>
<!-- Generated by org.testng.reporters.JUnitReportReporter -->
<testsuite hostname="W10D9RJ693" failures="0" tests="5" name="com.testNG.Annotations2" time="0.008" errors="0" timestamp="2021-05-23T19:41:04 IST" skipped="1">
  <testcase classname="com.testNG.Annotations2" name="openUrl" time="0.004"/>
  <system-out/>
  <testcase classname="com.testNG.Annotations2" name="login" time="0.000"/>
  <system-out/>
  <testcase classname="com.testNG.Annotations2" name="search" time="0.001"/>
  <system-out/>
  <testcase classname="com.testNG.Annotations2" name="addTocart" time="0.003"/>
  <system-out/>
  <testcase classname="com.testNG.Annotations2" name="address">
    <skipped/>
  </testcase> <!-- address -->
  <system-out/>
</testsuite> <!-- com.testNG.Annotations2 -->
