<?xml version="1.0" encoding="UTF-8"?>
<!-- Generated by org.testng.reporters.JUnitReportReporter -->
<testsuite hostname="W10D9RJ693" failures="0" tests="1" name="locators.NameDemo" time="21.342" errors="0" timestamp="2021-04-12T15:39:02 IST" skipped="0">
  <testcase classname="locators.NameDemo" name="search" time="21.342"/>
  <system-out/>
</testsuite> <!-- locators.NameDemo -->
