<?xml version="1.0" encoding="UTF-8"?>
<!-- Generated by org.testng.reporters.JUnitReportReporter -->
<testsuite hostname="W10D9RJ693" failures="0" tests="1" name="seleniumMethods.FileUpload" time="32.376" errors="0" timestamp="2021-06-13T17:42:16 IST" skipped="0">
  <testcase classname="seleniumMethods.FileUpload" name="fileUpload" time="32.376"/>
  <system-out/>
</testsuite> <!-- seleniumMethods.FileUpload -->
