<?xml version="1.0" encoding="UTF-8"?>
<!-- Generated by org.testng.reporters.JUnitReportReporter -->
<testsuite hostname="W10D9RJ693" failures="0" tests="1" name="CSS.ByCSSStartsWith" time="4.708" errors="0" timestamp="2021-04-13T12:47:19 IST" skipped="0">
  <testcase classname="CSS.ByCSSStartsWith" name="search" time="4.708"/>
  <system-out/>
</testsuite> <!-- CSS.ByCSSStartsWith -->
