<?xml version="1.0" encoding="UTF-8"?>
<!-- Generated by org.testng.reporters.JUnitReportReporter -->
<testsuite hostname="W10D9RJ693" failures="0" tests="1" name="seleniumMethods.DatePicker" time="10.169" errors="0" timestamp="2021-05-18T11:44:56 IST" skipped="0">
  <testcase classname="seleniumMethods.DatePicker" name="datePicker" time="10.169"/>
  <system-out/>
</testsuite> <!-- seleniumMethods.DatePicker -->
