<?xml version="1.0" encoding="UTF-8"?>
<!-- Generated by org.testng.reporters.JUnitReportReporter -->
<testsuite hostname="W10D9RJ693" failures="0" tests="1" name="com.selenium.WebDriverManagerDemo" time="2.142" errors="0" timestamp="2021-04-11T19:48:24 IST" skipped="0">
  <testcase classname="com.selenium.WebDriverManagerDemo" name="login" time="2.142"/>
  <system-out/>
</testsuite> <!-- com.selenium.WebDriverManagerDemo -->
