<?xml version="1.0" encoding="UTF-8"?>
<!-- Generated by org.testng.reporters.JUnitReportReporter -->
<testsuite hostname="W10D9RJ693" failures="0" tests="1" name="CSS.ByCSSName" time="9.510" errors="0" timestamp="2021-04-13T12:40:57 IST" skipped="0">
  <testcase classname="CSS.ByCSSName" name="search" time="9.510"/>
  <system-out/>
</testsuite> <!-- CSS.ByCSSName -->
