<?xml version="1.0" encoding="UTF-8"?>
<!-- Generated by org.testng.reporters.JUnitReportReporter -->
<testsuite hostname="W10D9RJ693" failures="0" tests="1" name="seleniumMethods.CookieDemo" time="24.697" errors="0" timestamp="2021-06-13T17:48:03 IST" skipped="0">
  <testcase classname="seleniumMethods.CookieDemo" name="captureCookie" time="24.697"/>
  <system-out/>
</testsuite> <!-- seleniumMethods.CookieDemo -->
