<?xml version="1.0" encoding="UTF-8"?>
<!-- Generated by org.testng.reporters.JUnitReportReporter -->
<testsuite hostname="W10D9RJ693" failures="0" tests="1" name="locators.TagName" time="4.836" errors="0" timestamp="2021-06-13T13:03:54 IST" skipped="0">
  <testcase classname="locators.TagName" name="search" time="4.836"/>
  <system-out/>
</testsuite> <!-- locators.TagName -->
