<?xml version="1.0" encoding="UTF-8"?>
<!-- Generated by org.testng.reporters.JUnitReportReporter -->
<testsuite hostname="W10D9RJ693" failures="0" tests="1" name="seleniumMethods.FileDownload$FileUpload" time="19.453" errors="0" timestamp="2021-05-17T23:20:02 IST" skipped="0">
  <testcase classname="seleniumMethods.FileDownload$FileUpload" name="fileUploadFirefox" time="19.453"/>
  <system-out/>
</testsuite> <!-- seleniumMethods.FileDownload$FileUpload -->
