<?xml version="1.0" encoding="UTF-8"?>
<!-- Generated by org.testng.reporters.JUnitReportReporter -->
<testsuite hostname="W10D9RJ693" failures="0" tests="1" name="seleniumMethods.WindowHandling" time="18.220" errors="0" timestamp="2021-05-17T23:32:29 IST" skipped="0">
  <testcase classname="seleniumMethods.WindowHandling" name="windowhandling1" time="18.220"/>
  <system-out/>
</testsuite> <!-- seleniumMethods.WindowHandling -->
