<?xml version="1.0" encoding="UTF-8"?>
<!-- Generated by org.testng.reporters.JUnitReportReporter -->
<testsuite hostname="W10D9RJ693" failures="0" tests="1" name="seleniumMethods.KeyBoardActions" time="9.669" errors="0" timestamp="2021-06-13T15:10:52 IST" skipped="0">
  <testcase classname="seleniumMethods.KeyBoardActions" name="toolTip" time="9.669"/>
  <system-out/>
</testsuite> <!-- seleniumMethods.KeyBoardActions -->
