<?xml version="1.0" encoding="UTF-8"?>
<!-- Generated by org.testng.reporters.JUnitReportReporter -->
<testsuite hostname="W10D9RJ693" failures="0" tests="1" name="browsers.HeadlessDemo" time="1.985" errors="0" timestamp="2021-06-13T12:48:21 IST" skipped="0">
  <testcase classname="browsers.HeadlessDemo" name="login" time="1.985"/>
  <system-out/>
</testsuite> <!-- browsers.HeadlessDemo -->
