<?xml version="1.0" encoding="UTF-8"?>
<!-- Generated by org.testng.reporters.JUnitReportReporter -->
<testsuite hostname="W10D9RJ693" failures="0" tests="1" name="selenium4.CreatingSnapshotDemo" time="6.629" errors="0" timestamp="2021-05-20T20:48:26 IST" skipped="0">
  <testcase classname="selenium4.CreatingSnapshotDemo" name="screenshotTest" time="6.629"/>
  <system-out/>
</testsuite> <!-- selenium4.CreatingSnapshotDemo -->
