<?xml version="1.0" encoding="UTF-8"?>
<!-- Generated by org.testng.reporters.JUnitReportReporter -->
<testsuite hostname="W10D9RJ693" failures="0" tests="1" name="locators.Preceding" time="33.605" errors="0" timestamp="2021-05-18T12:28:15 IST" skipped="0">
  <testcase classname="locators.Preceding" name="search" time="33.605"/>
  <system-out/>
</testsuite> <!-- locators.Preceding -->
