<?xml version="1.0" encoding="UTF-8"?>
<!-- Generated by org.testng.reporters.JUnitReportReporter -->
<testsuite hostname="W10D9RJ693" failures="0" tests="1" name="locators.FrameHandling" time="9.142" errors="0" timestamp="2021-04-14T12:16:05 IST" skipped="0">
  <testcase classname="locators.FrameHandling" name="nestedFrame" time="9.142"/>
  <system-out/>
</testsuite> <!-- locators.FrameHandling -->
