<?xml version="1.0" encoding="UTF-8"?>
<!-- Generated by org.testng.reporters.JUnitReportReporter -->
<testsuite hostname="W10D9RJ693" failures="0" tests="1" name="locators.UsingContains" time="8.254" errors="0" timestamp="2021-04-12T18:50:21 IST" skipped="0">
  <testcase classname="locators.UsingContains" name="login" time="8.254"/>
  <system-out/>
</testsuite> <!-- locators.UsingContains -->
