<?xml version="1.0" encoding="UTF-8"?>
<!-- Generated by org.testng.reporters.JUnitReportReporter -->
<testsuite hostname="W10D9RJ693" failures="0" tests="1" name="com.selenium.LaunchChromeOptions" time="14.503" errors="0" timestamp="2021-04-12T12:31:49 IST" skipped="0">
  <testcase classname="com.selenium.LaunchChromeOptions" name="browserPopup" time="14.503"/>
  <system-out/>
</testsuite> <!-- com.selenium.LaunchChromeOptions -->
