<?xml version="1.0" encoding="UTF-8"?>
<!-- Generated by org.testng.reporters.JUnitReportReporter -->
<testsuite hostname="W10D9RJ693" failures="0" tests="5" name="com.testNG.Annotations4" time="0.009" errors="0" timestamp="2021-05-19T12:03:46 IST" skipped="0">
  <testcase classname="com.testNG.Annotations4" name="openUrl" time="0.006"/>
  <system-out/>
  <testcase classname="com.testNG.Annotations4" name="login" time="0.000"/>
  <system-out/>
  <testcase classname="com.testNG.Annotations4" name="search" time="0.001"/>
  <system-out/>
  <testcase classname="com.testNG.Annotations4" name="addTocart" time="0.001"/>
  <system-out/>
  <testcase classname="com.testNG.Annotations4" name="address" time="0.001"/>
  <system-out/>
</testsuite> <!-- com.testNG.Annotations4 -->
