<?xml version="1.0" encoding="UTF-8"?>
<!-- Generated by org.testng.reporters.JUnitReportReporter -->
<testsuite hostname="W10D9RJ693" failures="0" tests="1" name="com.testNG.Demo" time="0.749" errors="0" timestamp="2021-04-09T13:06:23 IST" skipped="0">
  <testcase classname="com.testNG.Demo" name="loginTest" time="0.749"/>
  <system-out/>
</testsuite> <!-- com.testNG.Demo -->
