<?xml version="1.0" encoding="UTF-8"?>
<!-- Generated by org.testng.reporters.JUnitReportReporter -->
<testsuite hostname="W10D9RJ693" failures="0" tests="1" name="CSS.ByCSSEndsWith" time="7.538" errors="0" timestamp="2021-04-13T12:53:39 IST" skipped="0">
  <testcase classname="CSS.ByCSSEndsWith" name="search" time="7.538"/>
  <system-out/>
</testsuite> <!-- CSS.ByCSSEndsWith -->
