<?xml version="1.0" encoding="UTF-8"?>
<!-- Generated by org.testng.reporters.JUnitReportReporter -->
<testsuite hostname="W10D9RJ693" failures="0" tests="1" name="seleniumBuiltin.BuiltInMethods" time="6.909" errors="0" timestamp="2021-04-14T11:12:55 IST" skipped="0">
  <testcase classname="seleniumBuiltin.BuiltInMethods" name="builtIns" time="6.909"/>
  <system-out/>
</testsuite> <!-- seleniumBuiltin.BuiltInMethods -->
