<?xml version="1.0" encoding="UTF-8"?>
<!-- Generated by org.testng.reporters.JUnitReportReporter -->
<testsuite hostname="W10D9RJ693" failures="0" tests="1" name="locators.Following" time="21.083" errors="0" timestamp="2021-06-13T13:08:18 IST" skipped="0">
  <testcase classname="locators.Following" name="search" time="21.083"/>
  <system-out/>
</testsuite> <!-- locators.Following -->
