<?xml version="1.0" encoding="UTF-8"?>
<!-- Generated by org.testng.reporters.JUnitReportReporter -->
<testsuite hostname="W10D9RJ693" failures="0" tests="1" name="seleniumMethods.FileDownload" time="21.532" errors="0" timestamp="2021-05-17T23:22:11 IST" skipped="0">
  <testcase classname="seleniumMethods.FileDownload" name="fileUploadFirefox" time="21.532"/>
  <system-out/>
</testsuite> <!-- seleniumMethods.FileDownload -->
