<?xml version="1.0" encoding="UTF-8"?>
<!-- Generated by org.testng.reporters.JUnitReportReporter -->
<testsuite hostname="W10D9RJ693" failures="0" tests="1" name="seleniumMethods.DropdownUsingSelect" time="6.050" errors="0" timestamp="2021-05-13T18:58:03 IST" skipped="0">
  <testcase classname="seleniumMethods.DropdownUsingSelect" name="dropDown" time="6.050"/>
  <system-out/>
</testsuite> <!-- seleniumMethods.DropdownUsingSelect -->
