<?xml version="1.0" encoding="UTF-8"?>
<!-- Generated by org.testng.reporters.JUnitReportReporter -->
<testsuite hostname="W10D9RJ693" failures="0" tests="1" name="locators.UsingAndOR" time="4.598" errors="0" timestamp="2021-04-12T18:40:37 IST" skipped="0">
  <testcase classname="locators.UsingAndOR" name="login" time="4.598"/>
  <system-out/>
</testsuite> <!-- locators.UsingAndOR -->
