<?xml version="1.0" encoding="UTF-8"?>
<!-- Generated by org.testng.reporters.JUnitReportReporter -->
<testsuite hostname="W10D9RJ693" failures="0" tests="1" name="seleniumMethods.AdditionalMethods" time="7.136" errors="0" timestamp="2021-05-20T20:54:51 IST" skipped="0">
  <testcase classname="seleniumMethods.AdditionalMethods" name="browserTab" time="7.136"/>
  <system-out/>
</testsuite> <!-- seleniumMethods.AdditionalMethods -->
