<?xml version="1.0" encoding="UTF-8"?>
<!-- Generated by org.testng.reporters.JUnitReportReporter -->
<testsuite hostname="W10D9RJ693" failures="0" tests="1" name="seleniumMethods.RadioButton" time="15.403" errors="0" timestamp="2021-05-13T20:32:49 IST" skipped="0">
  <testcase classname="seleniumMethods.RadioButton" name="radioBtn" time="15.403"/>
  <system-out/>
</testsuite> <!-- seleniumMethods.RadioButton -->
