<?xml version="1.0" encoding="UTF-8"?>
<!-- Generated by org.testng.reporters.JUnitReportReporter -->
<testsuite hostname="W10D9RJ693" failures="0" tests="1" name="seleniumMethods.AlertsDemo" time="12.561" errors="0" timestamp="2021-05-13T17:52:17 IST" skipped="0">
  <testcase classname="seleniumMethods.AlertsDemo" name="alertTypes" time="12.561"/>
  <system-out/>
</testsuite> <!-- seleniumMethods.AlertsDemo -->
