<?xml version="1.0" encoding="UTF-8"?>
<!-- Generated by org.testng.reporters.JUnitReportReporter -->
<testsuite hostname="W10D9RJ693" failures="0" tests="1" name="com.selenium.LaunchingchromeBrowser" time="4.592" errors="0" timestamp="2021-04-11T19:33:02 IST" skipped="0">
  <testcase classname="com.selenium.LaunchingchromeBrowser" name="login" time="4.592"/>
  <system-out/>
</testsuite> <!-- com.selenium.LaunchingchromeBrowser -->
