<?xml version="1.0" encoding="UTF-8"?>
<!-- Generated by org.testng.reporters.JUnitReportReporter -->
<testsuite hostname="W10D9RJ693" failures="0" tests="3" name="com.testNG.MyTest001" time="15.139" errors="0" timestamp="2021-04-06T11:56:52 IST" skipped="0">
  <testcase classname="com.testNG.MyTest001" name="login" time="3.398"/>
  <system-out/>
  <testcase classname="com.testNG.MyTest001" name="login" time="8.261"/>
  <system-out/>
  <testcase classname="com.testNG.MyTest001" name="login" time="3.480"/>
  <system-out/>
</testsuite> <!-- com.testNG.MyTest001 -->
