<?xml version="1.0" encoding="UTF-8"?>
<!-- Generated by org.testng.reporters.JUnitReportReporter -->
<testsuite hostname="W10D9RJ693" failures="0" tests="1" name="seleniumMethods.Dropdown" time="5.704" errors="0" timestamp="2021-04-18T12:20:13 IST" skipped="0">
  <testcase classname="seleniumMethods.Dropdown" name="dropDown" time="5.704"/>
  <system-out/>
</testsuite> <!-- seleniumMethods.Dropdown -->
