<?xml version="1.0" encoding="UTF-8"?>
<!-- Generated by org.testng.reporters.JUnitReportReporter -->
<testsuite hostname="W10D9RJ693" failures="0" tests="1" name="locators.PartialLinkText" time="16.969" errors="0" timestamp="2021-04-12T15:50:49 IST" skipped="0">
  <testcase classname="locators.PartialLinkText" name="search" time="16.969"/>
  <system-out/>
</testsuite> <!-- locators.PartialLinkText -->
